trace_source Information: 1 : #########################################################
trace_source Information: 1 : Action is created. type= rvinowise.units.parts.limbs.arms.actions.Idle_vigilant_only_arm, qty= 1
trace_source Information: 1 : rvinowise.units.parts.limbs.arms.actions.Idle_vigilant_only_arm Action is started.
trace_source Information: 1 : Action is created. type= rvinowise.units.parts.limbs.arms.actions.Idle_vigilant_only_arm, qty= 2
trace_source Information: 1 : rvinowise.units.parts.limbs.arms.actions.Idle_vigilant_only_arm Action is started.
trace_source Information: 1 : Action is created. type= rvinowise.units.parts.limbs.arms.actions.Take_tool_from_bag, qty= 3
trace_source Information: 1 : Action is created. type= rvinowise.units.parts.limbs.arms.actions.Put_hand_before_bag, qty= 4
trace_source Information: 1 : Action is created. type= rvinowise.units.parts.limbs.arms.actions.Move_hand_into_bag, qty= 5
trace_source Information: 1 : Action is created. type= rvinowise.units.parts.limbs.arms.actions.Grab_tool, qty= 6
trace_source Information: 1 : Action is created. type= rvinowise.units.parts.limbs.arms.actions.Put_hand_before_bag, qty= 7
trace_source Information: 1 : Action is created. type= rvinowise.units.parts.limbs.arms.actions.Idle_vigilant_only_arm, qty= 8
trace_source Information: 1 : Action is created. type= rvinowise.units.parts.actions.Action_sequential_parent, qty= 9
trace_source Information: 1 : rvinowise.units.parts.limbs.arms.actions.Put_hand_before_bag Action is started.
trace_source Information: 1 : rvinowise.units.parts.limbs.arms.actions.Put_hand_before_bag finish
trace_source Information: 1 : rvinowise.units.parts.limbs.arms.actions.Put_hand_before_bag Action is ended. 
trace_source Information: 1 : rvinowise.units.parts.limbs.arms.actions.Move_hand_into_bag Action is started.
trace_source Information: 1 : rvinowise.units.parts.limbs.arms.actions.Move_hand_into_bag finish
trace_source Information: 1 : rvinowise.units.parts.limbs.arms.actions.Move_hand_into_bag Action is ended. 
trace_source Information: 1 : rvinowise.units.parts.limbs.arms.actions.Grab_tool Action is started.
trace_source Information: 1 : rvinowise.units.parts.limbs.arms.actions.Grab_tool finish
trace_source Information: 1 : rvinowise.units.parts.limbs.arms.actions.Grab_tool Action is ended. 
trace_source Information: 1 : rvinowise.units.parts.limbs.arms.actions.Put_hand_before_bag Action is started.
trace_source Information: 1 : Action is destroyed. type= rvinowise.units.parts.limbs.arms.actions.Idle_vigilant_only_arm, qty= 8
trace_source Information: 1 : rvinowise.units.parts.limbs.arms.actions.Put_hand_before_bag finish
trace_source Information: 1 : rvinowise.units.parts.limbs.arms.actions.Take_tool_from_bag finish
trace_source Information: 1 : rvinowise.units.parts.limbs.arms.actions.Put_hand_before_bag Action is ended. 
trace_source Information: 1 : rvinowise.units.parts.limbs.arms.actions.Take_tool_from_bag Action is ended. 
trace_source Information: 1 : rvinowise.units.parts.limbs.arms.actions.Idle_vigilant_only_arm Action is started.
